TN:
SF:lib/address-converter.js
FN:13,convertToWormholeAddress
FN:41,isValidAddressFormat
FNF:2
FNH:1
FNDA:0,convertToWormholeAddress
FNDA:20,isValidAddressFormat
DA:5,1
DA:14,0
DA:15,0
DA:17,0
DA:18,0
DA:22,0
DA:25,0
DA:26,0
DA:29,0
DA:31,0
DA:42,20
DA:43,4
DA:47,16
DA:49,7
DA:52,9
DA:56,1
LF:16
LH:7
BRDA:17,0,0,0
BRDA:17,0,1,0
BRDA:42,1,0,4
BRDA:42,1,1,16
BRDA:42,2,0,20
BRDA:42,2,1,17
BRDA:47,3,0,7
BRDA:47,3,1,9
BRF:8
BRH:6
end_of_record
TN:
SF:lib/config-manager.js
FN:14,setConfigFile
FN:22,getConfigPath
FN:35,configExists
FN:43,readConfig
FN:67,writeConfig
FN:89,getEnvironmentConfig
FN:100,getChainConfig
FN:111,setChainConfig
FN:131,updateChainConfig
FNF:9
FNH:9
FNDA:25,setConfigFile
FNDA:28,getConfigPath
FNDA:2,configExists
FNDA:13,readConfig
FNDA:9,writeConfig
FNDA:4,getEnvironmentConfig
FNDA:2,getChainConfig
FNDA:3,setChainConfig
FNDA:3,updateChainConfig
DA:5,2
DA:6,2
DA:8,2
DA:15,25
DA:24,28
DA:25,2
DA:28,26
DA:36,2
DA:44,13
DA:46,13
DA:48,6
DA:55,7
DA:56,7
DA:57,7
DA:59,1
DA:68,9
DA:70,9
DA:72,9
DA:78,9
DA:80,0
DA:90,4
DA:91,4
DA:101,2
DA:102,2
DA:112,3
DA:115,3
DA:116,0
DA:120,3
DA:122,3
DA:132,3
DA:135,3
DA:136,0
DA:140,3
DA:141,1
DA:145,3
DA:150,3
DA:153,2
LF:37
LH:34
BRDA:24,0,0,2
BRDA:24,0,1,26
BRDA:46,1,0,6
BRDA:46,1,1,7
BRDA:73,2,0,9
BRDA:73,2,1,0
BRDA:74,3,0,9
BRDA:74,3,1,1
BRDA:75,4,0,9
BRDA:75,4,1,1
BRDA:91,5,0,4
BRDA:91,5,1,0
BRDA:102,6,0,2
BRDA:102,6,1,1
BRDA:115,7,0,0
BRDA:115,7,1,3
BRDA:135,8,0,0
BRDA:135,8,1,3
BRDA:140,9,0,1
BRDA:140,9,1,2
BRF:20
BRH:16
end_of_record
TN:
SF:lib/constants.js
FNF:0
FNH:0
DA:6,2
DA:9,2
DA:12,2
DA:15,2
DA:24,2
DA:32,2
LF:6
LH:6
BRF:0
BRH:0
end_of_record
TN:
SF:lib/defaults.js
FN:35,getDefaultRpc
FNF:1
FNH:1
FNDA:12,getDefaultRpc
DA:5,2
DA:36,12
DA:39,2
LF:3
LH:3
BRDA:36,0,0,12
BRDA:36,0,1,3
BRF:2
BRH:2
end_of_record
TN:
SF:lib/text-formatter.js
FN:18,breakText
FN:23,(anonymous_1)
FN:27,(anonymous_2)
FN:31,(anonymous_3)
FN:116,getTerminalWidth
FNF:5
FNH:5
FNDA:9,breakText
FNDA:27,(anonymous_1)
FNDA:27,(anonymous_2)
FNDA:27,(anonymous_3)
FNDA:1,getTerminalWidth
DA:19,9
DA:22,7
DA:23,27
DA:27,27
DA:30,7
DA:31,27
DA:34,7
DA:39,7
DA:41,7
DA:42,7
DA:43,7
DA:44,7
DA:45,7
DA:46,7
DA:48,7
DA:49,320
DA:50,320
DA:52,320
DA:53,27
DA:54,0
DA:56,27
DA:57,20
DA:58,20
DA:60,7
DA:64,4
DA:65,4
DA:66,4
DA:70,4
DA:71,4
DA:77,1
DA:78,1
DA:79,1
DA:80,1
DA:81,1
DA:83,3
DA:84,3
DA:85,3
DA:88,3
DA:89,3
DA:90,3
DA:93,27
DA:94,1
DA:95,1
DA:96,1
DA:97,1
DA:99,26
DA:100,6
DA:101,6
DA:105,293
DA:108,7
DA:109,7
DA:117,1
DA:120,1
LF:53
LH:52
BRDA:18,0,0,1
BRDA:19,1,0,2
BRDA:19,1,1,7
BRDA:52,2,0,27
BRDA:52,2,1,293
BRDA:52,3,0,320
BRDA:52,3,1,299
BRDA:53,4,0,0
BRDA:53,4,1,27
BRDA:56,5,0,20
BRDA:56,5,1,7
BRDA:60,6,0,4
BRDA:60,6,1,3
BRDA:61,7,0,7
BRDA:61,7,1,5
BRDA:71,8,0,1
BRDA:71,8,1,3
BRDA:72,9,0,4
BRDA:72,9,1,4
BRDA:72,9,2,4
BRDA:72,9,3,2
BRDA:79,10,0,1
BRDA:79,10,1,0
BRDA:93,11,0,1
BRDA:93,11,1,26
BRDA:99,12,0,6
BRDA:99,12,1,20
BRDA:99,13,0,26
BRDA:99,13,1,25
BRDA:108,14,0,0
BRDA:108,14,1,7
BRF:31
BRH:28
end_of_record
TN:
SF:lib/validator.js
FN:11,validateEnvironmentConfig
FN:27,(anonymous_1)
FN:97,validateConfig
FN:102,(anonymous_3)
FNF:4
FNH:4
FNDA:18,validateEnvironmentConfig
FNDA:15,(anonymous_1)
FNDA:3,validateConfig
FNDA:9,(anonymous_3)
DA:12,18
DA:13,18
DA:14,18
DA:16,18
DA:17,7
DA:18,7
DA:22,11
DA:23,11
DA:24,11
DA:25,11
DA:27,11
DA:28,15
DA:31,15
DA:32,15
DA:33,15
DA:34,15
DA:35,15
DA:36,0
DA:37,0
DA:40,15
DA:41,1
DA:45,15
DA:46,6
DA:47,6
DA:48,9
DA:49,8
DA:50,1
DA:51,1
DA:55,15
DA:57,14
DA:59,14
DA:61,1
DA:62,1
DA:69,11
DA:71,5
DA:73,2
DA:74,1
DA:76,3
DA:77,2
DA:81,11
DA:82,0
DA:85,11
DA:98,3
DA:99,3
DA:100,3
DA:102,3
DA:103,9
DA:104,9
DA:105,9
DA:107,9
DA:108,1
DA:112,3
DA:118,2
LF:53
LH:50
BRDA:16,0,0,7
BRDA:16,0,1,11
BRDA:32,1,0,1
BRDA:32,1,1,14
BRDA:33,2,0,1
BRDA:33,2,1,14
BRDA:34,3,0,1
BRDA:34,3,1,14
BRDA:35,4,0,0
BRDA:35,4,1,15
BRDA:40,5,0,1
BRDA:40,5,1,14
BRDA:45,6,0,6
BRDA:45,6,1,9
BRDA:48,7,0,8
BRDA:48,7,1,1
BRDA:50,8,0,1
BRDA:50,8,1,0
BRDA:55,9,0,14
BRDA:55,9,1,1
BRDA:57,10,0,14
BRDA:57,10,1,13
BRDA:59,11,0,1
BRDA:59,11,1,13
BRDA:61,12,0,1
BRDA:61,12,1,0
BRDA:69,13,0,6
BRDA:69,13,1,5
BRDA:69,14,0,11
BRDA:69,14,1,7
BRDA:71,15,0,2
BRDA:71,15,1,3
BRDA:73,16,0,1
BRDA:73,16,1,1
BRDA:76,17,0,2
BRDA:76,17,1,1
BRDA:81,18,0,0
BRDA:81,18,1,11
BRDA:81,19,0,11
BRDA:81,19,1,0
BRDA:81,19,2,0
BRDA:103,20,0,9
BRDA:103,20,1,0
BRDA:107,21,0,1
BRDA:107,21,1,8
BRF:45
BRH:38
end_of_record
TN:
SF:lib/wizard.js
FN:18,runWizard
FN:70,selectEnvironment
FN:97,selectDeploymentStrategy
FN:114,(anonymous_3)
FN:134,selectChains
FN:140,(anonymous_5)
FN:144,(anonymous_6)
FN:160,selectLockingChain
FN:170,(anonymous_8)
FN:185,configureChains
FN:206,configureChain
FN:232,(anonymous_11)
FN:255,(anonymous_12)
FN:271,(anonymous_13)
FN:300,showSummaryAndConfirm
FN:307,(anonymous_15)
FN:325,(anonymous_16)
FN:334,(anonymous_17)
FN:361,saveConfiguration
FN:373,showNextSteps
FN:378,(anonymous_20)
FN:379,(anonymous_21)
FN:383,(anonymous_22)
FNF:23
FNH:11
FNDA:0,runWizard
FNDA:3,selectEnvironment
FNDA:2,selectDeploymentStrategy
FNDA:0,(anonymous_3)
FNDA:3,selectChains
FNDA:15,(anonymous_5)
FNDA:2,(anonymous_6)
FNDA:3,selectLockingChain
FNDA:6,(anonymous_8)
FNDA:0,configureChains
FNDA:6,configureChain
FNDA:3,(anonymous_11)
FNDA:2,(anonymous_12)
FNDA:5,(anonymous_13)
FNDA:0,showSummaryAndConfirm
FNDA:0,(anonymous_15)
FNDA:0,(anonymous_16)
FNDA:0,(anonymous_17)
FNDA:0,saveConfiguration
FNDA:0,showNextSteps
FNDA:0,(anonymous_20)
FNDA:0,(anonymous_21)
FNDA:0,(anonymous_22)
DA:5,1
DA:6,1
DA:7,1
DA:8,1
DA:9,1
DA:10,1
DA:19,0
DA:21,0
DA:23,0
DA:26,0
DA:29,0
DA:32,0
DA:33,0
DA:34,0
DA:38,0
DA:41,0
DA:43,0
DA:44,0
DA:45,0
DA:49,0
DA:52,0
DA:55,0
DA:56,0
DA:57,0
DA:58,0
DA:59,0
DA:61,0
DA:63,0
DA:71,3
DA:72,1
DA:73,1
DA:76,2
DA:90,2
DA:91,2
DA:98,2
DA:115,0
DA:116,0
DA:117,0
DA:119,0
DA:120,0
DA:122,0
DA:127,2
DA:128,2
DA:135,3
DA:140,15
DA:145,2
DA:146,1
DA:148,1
DA:153,3
DA:154,3
DA:161,3
DA:162,1
DA:165,2
DA:170,6
DA:178,2
DA:179,2
DA:186,0
DA:188,0
DA:189,0
DA:190,0
DA:191,0
DA:193,0
DA:194,0
DA:196,0
DA:199,0
DA:200,0
DA:207,6
DA:208,6
DA:211,6
DA:224,6
DA:225,4
DA:227,2
DA:233,3
DA:234,1
DA:236,2
DA:237,1
DA:239,1
DA:243,2
DA:247,6
DA:248,6
DA:250,6
DA:256,2
DA:257,1
DA:259,1
DA:263,6
DA:266,6
DA:272,5
DA:273,1
DA:276,4
DA:277,2
DA:278,1
DA:280,1
DA:284,2
DA:290,6
DA:291,6
DA:292,6
DA:294,6
DA:301,0
DA:302,0
DA:303,0
DA:304,0
DA:305,0
DA:307,0
DA:308,0
DA:309,0
DA:313,0
DA:314,0
DA:315,0
DA:316,0
DA:317,0
DA:321,0
DA:323,0
DA:324,0
DA:325,0
DA:326,0
DA:328,0
DA:329,0
DA:332,0
DA:333,0
DA:334,0
DA:335,0
DA:337,0
DA:339,0
DA:342,0
DA:355,0
DA:362,0
DA:363,0
DA:364,0
DA:366,0
DA:367,0
DA:374,0
DA:377,0
DA:378,0
DA:379,0
DA:381,0
DA:382,0
DA:383,0
DA:384,0
DA:386,0
DA:389,0
DA:391,0
DA:392,0
DA:393,0
DA:395,0
DA:396,0
DA:397,0
DA:400,1
LF:147
LH:60
BRDA:18,0,0,0
BRDA:33,1,0,0
BRDA:33,1,1,0
BRDA:43,2,0,0
BRDA:43,2,1,0
BRDA:55,3,0,0
BRDA:55,3,1,0
BRDA:58,4,0,0
BRDA:58,4,1,0
BRDA:71,5,0,1
BRDA:71,5,1,2
BRDA:71,6,0,3
BRDA:71,6,1,2
BRDA:116,7,0,0
BRDA:116,7,1,0
BRDA:116,8,0,0
BRDA:116,8,1,0
BRDA:116,8,2,0
BRDA:119,9,0,0
BRDA:119,9,1,0
BRDA:145,10,0,1
BRDA:145,10,1,1
BRDA:161,11,0,1
BRDA:161,11,1,2
BRDA:190,12,0,0
BRDA:190,12,1,0
BRDA:224,13,0,4
BRDA:224,13,1,2
BRDA:233,14,0,1
BRDA:233,14,1,2
BRDA:233,15,0,3
BRDA:233,15,1,2
BRDA:236,16,0,1
BRDA:236,16,1,1
BRDA:236,17,0,2
BRDA:236,17,1,2
BRDA:256,18,0,1
BRDA:256,18,1,1
BRDA:256,19,0,2
BRDA:256,19,1,1
BRDA:272,20,0,1
BRDA:272,20,1,4
BRDA:272,21,0,5
BRDA:272,21,1,4
BRDA:276,22,0,2
BRDA:276,22,1,2
BRDA:277,23,0,1
BRDA:277,23,1,1
BRDA:309,24,0,0
BRDA:309,24,1,0
BRDA:323,25,0,0
BRDA:323,25,1,0
BRDA:332,26,0,0
BRDA:332,26,1,0
BRDA:381,27,0,0
BRDA:381,27,1,0
BRDA:389,28,0,0
BRDA:389,28,1,0
BRF:58
BRH:30
end_of_record
